0 info it worked if it ends with ok
1 verbose cli [ 'C:\\Program Files\\nodejs\\\\node.exe',
1 verbose cli   'C:\\Program Files\\nodejs\\node_modules\\npm\\bin\\npm-cli.js',
1 verbose cli   'install',
1 verbose cli   'stylus' ]
2 info using npm@1.4.3
3 info using node@v0.10.26
4 verbose node symlink C:\Program Files\nodejs\\node.exe
5 verbose cache add [ 'stylus', null ]
6 verbose cache add name=undefined spec="stylus" args=["stylus",null]
7 verbose parsed url { protocol: null,
7 verbose parsed url   slashes: null,
7 verbose parsed url   auth: null,
7 verbose parsed url   host: null,
7 verbose parsed url   port: null,
7 verbose parsed url   hostname: null,
7 verbose parsed url   hash: null,
7 verbose parsed url   search: null,
7 verbose parsed url   query: null,
7 verbose parsed url   pathname: 'stylus',
7 verbose parsed url   path: 'stylus',
7 verbose parsed url   href: 'stylus' }
8 silly lockFile 27c0f414-stylus stylus
9 verbose lock stylus C:\Users\Moisés\AppData\Roaming\npm-cache\27c0f414-stylus.lock
10 silly lockFile 27c0f414-stylus stylus
11 silly lockFile 27c0f414-stylus stylus
12 verbose addNamed [ 'stylus', '' ]
13 verbose addNamed [ null, '*' ]
14 silly lockFile 5140332e-stylus stylus@
15 verbose lock stylus@ C:\Users\Moisés\AppData\Roaming\npm-cache\5140332e-stylus.lock
16 silly addNameRange { name: 'stylus', range: '*', hasData: false }
17 verbose url raw stylus
18 verbose url resolving [ 'https://registry.npmjs.org/', './stylus' ]
19 verbose url resolved https://registry.npmjs.org/stylus
20 info trying registry request attempt 1 at 22:39:46
21 http GET https://registry.npmjs.org/stylus
22 info retry will retry, error on last attempt: Error: getaddrinfo ENOTFOUND
23 info trying registry request attempt 2 at 22:39:57
24 http GET https://registry.npmjs.org/stylus
25 info retry will retry, error on last attempt: Error: getaddrinfo ENOTFOUND
26 info trying registry request attempt 3 at 22:40:57
27 http GET https://registry.npmjs.org/stylus
28 silly lockFile 5140332e-stylus stylus@
29 silly lockFile 5140332e-stylus stylus@
30 error network getaddrinfo ENOTFOUND
30 error network This is most likely not a problem with npm itself
30 error network and is related to network connectivity.
30 error network In most cases you are behind a proxy or have bad network settings.
30 error network
30 error network If you are behind a proxy, please make sure that the
30 error network 'proxy' config is set properly.  See: 'npm help config'
31 error System Windows_NT 6.2.9200
32 error command "C:\\Program Files\\nodejs\\\\node.exe" "C:\\Program Files\\nodejs\\node_modules\\npm\\bin\\npm-cli.js" "install" "stylus"
33 error cwd c:\wamp\www\traveling\css
34 error node -v v0.10.26
35 error npm -v 1.4.3
36 error syscall getaddrinfo
37 error code ENOTFOUND
38 error errno ENOTFOUND
39 verbose exit [ 1, true ]
